-------------------------------------------------------------------------------
Test set: TestSuite
-------------------------------------------------------------------------------
Tests run: 3, Failures: 1, Errors: 0, Skipped: 1, Time elapsed: 34.635 sec <<< FAILURE! - in TestSuite
setup(mavenSeleniumProject.Recorder)  Time elapsed: 25.428 sec  <<< FAILURE!
java.lang.NullPointerException: null
	at mavenSeleniumProject.Recorder.setup(Recorder.java:45)

